[2026-02-04T09:45:04.710Z] [INFO] [TOOL] Executing: get_current_datetime
[2026-02-04T09:45:04.742Z] [INFO] ✅ get_current_datetime completed in 25ms
[2026-02-04T09:45:04.742Z] [INFO] [STEP 2: Context] Executing: get_weather
[2026-02-04T09:45:10.368Z] [INFO] ✅ get_weather completed in 5625ms
[2026-02-04T09:45:10.368Z] [INFO] [TOOL] Executing: web_search
[2026-02-04T09:45:15.301Z] [INFO] ✅ web_search completed in 4933ms
[2026-02-04T09:45:21.417Z] [INFO] [TOOL] Executing: search_flights
[2026-02-04T09:45:21.423Z] [INFO] ✅ search_flights completed in 5ms
[2026-02-04T09:45:21.424Z] [INFO] [TOOL] Executing: search_hotels
[2026-02-04T09:45:21.425Z] [INFO] ✅ search_hotels completed in 1ms
[2026-02-04T09:45:21.425Z] [INFO] [TOOL] Executing: web_search
[2026-02-04T09:45:25.880Z] [INFO] ✅ web_search completed in 4455ms
[2026-02-04T09:45:25.881Z] [INFO] [STEP 2: Context] Executing: search_places
[2026-02-04T09:45:26.417Z] [INFO] ✅ search_places completed in 535ms
[2026-02-04T09:45:46.911Z] [INFO] [STEP 5: Draft] Executing: create_trip_plan
[2026-02-04T09:45:46.917Z] [INFO]   📊 Itinerary has 3 days
[2026-02-04T09:45:49.015Z] [INFO]   💾 Saving draft to database...
[2026-02-04T09:45:49.175Z] [INFO]   ✅ Draft created with ID: 7185d6c7-2776-4cbb-ba00-8d5958150875
[2026-02-04T09:45:49.175Z] [INFO]   👤 User not authenticated - Draft only mode
[2026-02-04T09:45:49.175Z] [INFO]   📋 Draft ID returned for later application
[2026-02-04T09:45:49.175Z] [INFO]   └─────────────────────────────────────────────────────────┘
[2026-02-04T09:45:49.175Z] [INFO] ✅ create_trip_plan completed in 2264ms
[2026-02-04T10:20:35.749Z] [INFO] [TOOL] Executing: web_search
[2026-02-04T10:20:37.601Z] [INFO] ✅ web_search completed in 1846ms
[2026-02-04T10:20:45.396Z] [INFO] [TOOL] Executing: get_current_datetime
[2026-02-04T10:20:45.451Z] [INFO] ✅ get_current_datetime completed in 50ms
[2026-02-04T10:20:45.451Z] [INFO] [STEP 2: Context] Executing: search_places
[2026-02-04T10:20:46.273Z] [INFO] ✅ search_places completed in 822ms
[2026-02-04T10:20:46.273Z] [INFO] [STEP 2: Context] Executing: search_places
[2026-02-04T10:20:46.519Z] [INFO] ✅ search_places completed in 246ms
[2026-02-04T10:21:08.089Z] [INFO] [STEP 5: Draft] Executing: create_trip_plan
[2026-02-04T10:21:08.090Z] [INFO]   📊 Itinerary has 3 days
[2026-02-04T10:21:09.103Z] [INFO]   💾 Saving draft to database...
[2026-02-04T10:21:09.148Z] [INFO]   ✅ Draft created with ID: fad2a49d-c1d7-4fda-b5fa-e45dc2a12429
[2026-02-04T10:21:09.151Z] [INFO]   👤 User not authenticated - Draft only mode
[2026-02-04T10:21:09.151Z] [INFO]   📋 Draft ID returned for later application
[2026-02-04T10:21:09.151Z] [INFO]   └─────────────────────────────────────────────────────────┘
[2026-02-04T10:21:09.151Z] [INFO] ✅ create_trip_plan completed in 1062ms
[2026-02-04T10:21:59.384Z] [INFO] [TOOL] Executing: search_youtube_videos
[2026-02-04T10:22:00.207Z] [INFO] ✅ search_youtube_videos completed in 823ms
[2026-02-04T10:22:59.800Z] [INFO] [TOOL] Executing: search_youtube_videos
[2026-02-04T10:23:00.733Z] [INFO] ✅ search_youtube_videos completed in 933ms
[2026-02-04T10:23:21.543Z] [INFO] [TOOL] Executing: search_social_media
[2026-02-04T10:23:22.383Z] [INFO] ✅ search_social_media completed in 839ms
[2026-02-04T10:23:26.506Z] [INFO] [TOOL] Executing: search_social_media
[2026-02-04T10:23:27.037Z] [INFO] ✅ search_social_media completed in 531ms
[2026-02-04T10:23:27.038Z] [INFO] [TOOL] Executing: search_social_media
[2026-02-04T10:23:27.486Z] [INFO] ✅ search_social_media completed in 448ms
[2026-02-04T10:37:47.336Z] [INFO] [TOOL] Executing: get_current_datetime
[2026-02-04T10:37:47.338Z] [INFO] ✅ get_current_datetime completed in 1ms
[2026-02-04T10:37:47.338Z] [INFO] [TOOL] Executing: search_social_media
[2026-02-04T10:37:48.574Z] [INFO] ✅ search_social_media completed in 1236ms
[2026-02-04T10:37:48.574Z] [INFO] [TOOL] Executing: search_youtube_videos
[2026-02-04T10:37:49.525Z] [INFO] ✅ search_youtube_videos completed in 951ms
[2026-02-04T16:16:10.285Z] [INFO] [TOOL] Executing: get_current_datetime
[2026-02-04T16:16:10.312Z] [INFO] ✅ get_current_datetime completed in 27ms
[2026-02-04T16:16:10.312Z] [INFO] [TOOL] Executing: web_search
[2026-02-04T16:16:11.791Z] [INFO] ✅ web_search completed in 1479ms
[2026-02-04T16:16:11.792Z] [INFO] [TOOL] Executing: web_search
[2026-02-04T16:16:13.359Z] [INFO] ✅ web_search completed in 1567ms
[2026-02-04T16:16:13.359Z] [INFO] [TOOL] Executing: web_search
[2026-02-04T16:16:14.742Z] [INFO] ✅ web_search completed in 1383ms
[2026-02-04T16:16:20.058Z] [INFO] [STEP 2: Context] Executing: get_local_events
[2026-02-04T16:16:21.046Z] [INFO] ✅ get_local_events completed in 988ms
[2026-02-04T16:16:21.046Z] [INFO] [STEP 2: Context] Executing: get_weather
[2026-02-04T16:16:21.756Z] [INFO] ✅ get_weather completed in 710ms
[2026-02-04T16:16:34.044Z] [INFO] [STEP 5: Draft] Executing: create_trip_plan
[2026-02-04T16:16:34.045Z] [INFO]   📊 Itinerary has 1 days
[2026-02-04T16:16:35.530Z] [INFO]   💾 Saving draft to database...
[2026-02-04T16:16:35.542Z] [INFO]   ✅ Draft created with ID: e8fe4b17-bb95-4f76-bcf9-1626d1ada11c
[2026-02-04T16:16:35.543Z] [INFO]   👤 User not authenticated - Draft only mode
[2026-02-04T16:16:35.543Z] [INFO]   📋 Draft ID returned for later application
[2026-02-04T16:16:35.543Z] [INFO]   └─────────────────────────────────────────────────────────┘
[2026-02-04T16:16:35.543Z] [INFO] ✅ create_trip_plan completed in 1499ms
[2026-02-04T16:38:56.584Z] [INFO] [TOOL] Executing: get_current_datetime
[2026-02-04T16:38:56.599Z] [INFO] ✅ get_current_datetime completed in 15ms
[2026-02-04T16:39:15.922Z] [INFO] [TOOL] Executing: web_search
[2026-02-04T16:39:17.551Z] [INFO] ✅ web_search completed in 1629ms
[2026-02-04T16:39:24.554Z] [INFO] [TOOL] Executing: get_current_datetime
[2026-02-04T16:39:24.555Z] [INFO] ✅ get_current_datetime completed in 1ms
[2026-02-04T16:39:59.341Z] [INFO] [TOOL] Executing: get_current_datetime
[2026-02-04T16:39:59.342Z] [INFO] ✅ get_current_datetime completed in 1ms
[2026-02-04T16:39:59.343Z] [INFO] [TOOL] Executing: web_search
[2026-02-04T16:40:01.185Z] [INFO] ✅ web_search completed in 1842ms
[2026-02-04T16:40:01.185Z] [INFO] [TOOL] Executing: web_search
[2026-02-04T16:40:02.799Z] [INFO] ✅ web_search completed in 1614ms
