[2026-02-06T12:59:33.390Z] [INFO] [TOOL] Executing: get_current_datetime
[2026-02-06T12:59:33.412Z] [INFO] get_current_datetime completed in 22ms
[2026-02-06T12:59:38.198Z] [INFO] [TOOL] Executing: optimize_itinerary
[2026-02-06T12:59:38.199Z] [INFO]   ┌─────────────────────────────────────────────────────────┐
[2026-02-06T12:59:38.199Z] [INFO]   │  optimize_itinerary: Algorithm Pipeline Started         │
[2026-02-06T12:59:38.199Z] [INFO]   └─────────────────────────────────────────────────────────┘
[2026-02-06T12:59:38.199Z] [INFO]      Destination: Hà Nội
[2026-02-06T12:59:38.199Z] [INFO]      Dates: 2026-02-07 to 2026-02-08
[2026-02-06T12:59:38.199Z] [INFO]      Style: budget, Travelers: 2
[2026-02-06T12:59:38.199Z] [INFO]      Interests: [food, culture, street food, check-in]
[2026-02-06T12:59:38.219Z] [INFO]      Found 47 places in database
[2026-02-06T12:59:38.220Z] [INFO]      [GoogleMaps] Triggering crawl (places: 47/10, nullRating: 57%)
[2026-02-06T12:59:38.220Z] [INFO] [GoogleMaps] Crawling: "top places to visit in Hà Nội"
[2026-02-06T12:59:38.220Z] [INFO] [GoogleMaps] URL: https://www.google.com/maps/search/top%20places%20to%20visit%20in%20H%C3%A0%20N%E1%BB%99i
[2026-02-06T12:59:50.677Z] [INFO] [GoogleMaps] Extracted 20 places (rating: 20, coords: 20, address: 9, photos: 20, reviews: 3)
[2026-02-06T12:59:50.680Z] [INFO]      [GoogleMaps] Merged: 2 new places, 18 upgraded existing
[2026-02-06T12:59:50.683Z] [INFO]      After Google Maps: 49 places total
[2026-02-06T12:59:50.684Z] [INFO]      [GoogleMaps] Starting detail crawl for 10 top places...
[2026-02-06T12:59:50.685Z] [INFO] [GoogleMaps] Detail crawl starting for 10 places
[2026-02-06T12:59:51.399Z] [INFO] [GoogleMaps] Saved 20/20 places to DB
[2026-02-06T12:59:54.115Z] [DEBUG] [GoogleMaps] Detail page: Hanoi Old Quarter Travel
[2026-02-06T12:59:57.887Z] [DEBUG] [GoogleMaps] Detail crawled: Hanoi Old Quarter Travel (reviews: yes, photos: 5)
[2026-02-06T13:00:06.109Z] [DEBUG] [GoogleMaps] Detail page: Authentic Bat trang - Ceramic shop & Workshop
[2026-02-06T13:00:08.645Z] [WARN] [GoogleMaps] Feed container not found, trying extraction anyway
[2026-02-06T13:00:09.176Z] [DEBUG] [GoogleMaps] Detail crawled: Authentic Bat trang - Ceramic shop & Workshop (reviews: yes, photos: 5)
[2026-02-06T13:00:17.473Z] [DEBUG] [GoogleMaps] Detail page failed: Navigation timed out after 8 seconds.
[2026-02-06T13:00:23.600Z] [DEBUG] [GoogleMaps] Detail page: Hồ Hoàn Kiếm
[2026-02-06T13:00:26.642Z] [DEBUG] [GoogleMaps] Detail crawled: Hồ Hoàn Kiếm (reviews: yes, photos: 5)
[2026-02-06T13:00:30.324Z] [DEBUG] [GoogleMaps] Detail page: Khu Phố Cổ Hà Nội
[2026-02-06T13:00:32.349Z] [WARN] [GoogleMaps] Feed container not found, trying extraction anyway
[2026-02-06T13:00:33.380Z] [DEBUG] [GoogleMaps] Detail crawled: Khu Phố Cổ Hà Nội (reviews: yes, photos: 5)
[2026-02-06T13:00:37.916Z] [DEBUG] [GoogleMaps] Detail page: Văn Miếu – Quốc Tử Giám
[2026-02-06T13:00:41.073Z] [DEBUG] [GoogleMaps] Detail crawled: Văn Miếu – Quốc Tử Giám (reviews: yes, photos: 5)
[2026-02-06T13:00:46.216Z] [DEBUG] [GoogleMaps] Detail page: Mido Spa
[2026-02-06T13:00:49.247Z] [DEBUG] [GoogleMaps] Detail crawled: Mido Spa (reviews: yes, photos: 5)
[2026-02-06T13:00:52.821Z] [WARN] [GoogleMaps] Feed container not found, trying extraction anyway
[2026-02-06T13:00:59.565Z] [INFO] [GoogleMaps] Detail crawl complete: 6/10 places enriched in 68.9s
[2026-02-06T13:00:59.566Z] [INFO]      Filtered out 4 places outside 50km radius
[2026-02-06T13:00:59.566Z] [INFO]      Fetching weather data internally...
[2026-02-06T13:00:59.620Z] [INFO] [GoogleMaps] Saved enriched data for 6/6 places
[2026-02-06T13:01:00.377Z] [INFO]      Weather: mây đen u ám
[2026-02-06T13:01:00.377Z] [INFO]   ┌─────────────────────────────────────────────────────────┐
[2026-02-06T13:01:00.377Z] [INFO]   │           TRIP PLANNER PIPELINE STARTED                 │
[2026-02-06T13:01:00.377Z] [INFO]   └─────────────────────────────────────────────────────────┘
[2026-02-06T13:01:00.377Z] [INFO]   Trip Parameters:
[2026-02-06T13:01:00.377Z] [INFO]      - Destination: Hà Nội
[2026-02-06T13:01:00.377Z] [INFO]      - Duration: 2 days
[2026-02-06T13:01:00.381Z] [INFO]      - Daily money budget: 500,000 VND
[2026-02-06T13:01:00.381Z] [INFO]      - Travel style: budget
[2026-02-06T13:01:00.381Z] [INFO]      - Travelers: 2
[2026-02-06T13:01:00.381Z] [INFO]   [Step 1/3] Filtering places for destination...
[2026-02-06T13:01:00.381Z] [INFO]      - Found 43 places in Hà Nội
[2026-02-06T13:01:00.382Z] [INFO]      - Total places for planning: 43
[2026-02-06T13:01:00.382Z] [INFO]   [Step 2/3] Clustering places into 2 days by proximity...
[2026-02-06T13:01:00.384Z] [INFO]      - Clustered 43 places across 2 days
[2026-02-06T13:01:00.384Z] [INFO]   [Step 3/3] TSP Route Optimization...
[2026-02-06T13:01:00.384Z] [INFO]      - Day 1: 22 places, 8.8 km
[2026-02-06T13:01:00.384Z] [INFO]      - Day 2: 21 places, 114.9 km
[2026-02-06T13:01:00.384Z] [INFO]   Formatting final itinerary...
[2026-02-06T13:01:00.384Z] [INFO]   ┌─────────────────────────────────────────────────────────┐
[2026-02-06T13:01:00.385Z] [INFO]   │           TRIP PLANNER PIPELINE COMPLETE                │
[2026-02-06T13:01:00.385Z] [INFO]   └─────────────────────────────────────────────────────────┘
[2026-02-06T13:01:00.385Z] [INFO]   ┌─────────────────────────────────────────────────────────┐
[2026-02-06T13:01:00.385Z] [INFO]   │  optimize_itinerary: Pipeline Complete                  │
[2026-02-06T13:01:00.385Z] [INFO]   └─────────────────────────────────────────────────────────┘
[2026-02-06T13:01:00.385Z] [INFO]      Days: 2, Places: 43
[2026-02-06T13:01:00.385Z] [INFO] optimize_itinerary completed in 82187ms
[2026-02-06T13:01:29.065Z] [INFO] [STEP 5: Draft] Executing: create_trip_plan
[2026-02-06T13:01:29.066Z] [INFO]   Itinerary has 2 days
[2026-02-06T13:01:30.136Z] [INFO]   Phase 1 data included:
[2026-02-06T13:01:30.136Z] [INFO]     ✓ Overview (summary, highlights, weather)
[2026-02-06T13:01:30.136Z] [INFO]     ✓ Travel tips (general, transport, food, safety, budget)
[2026-02-06T13:01:30.136Z] [INFO]     ✓ Budget breakdown (accommodation, food, transport, activities)
[2026-02-06T13:01:30.136Z] [INFO]     ✓ Booking suggestions (1 items)
[2026-02-06T13:01:30.136Z] [INFO]   Saving draft to database...
[2026-02-06T13:01:30.150Z] [INFO]   Draft created with ID: 6263dc64-02a1-44fc-af53-f1ac71492613
[2026-02-06T13:01:30.150Z] [INFO]   User not authenticated - Draft only mode
[2026-02-06T13:01:30.150Z] [INFO]   Draft ID returned for later application
[2026-02-06T13:01:30.150Z] [INFO]   └─────────────────────────────────────────────────────────┘
[2026-02-06T13:01:30.150Z] [INFO] create_trip_plan completed in 1085ms
[2026-02-06T13:31:25.079Z] [INFO] [TOOL] Executing: get_current_datetime
[2026-02-06T13:31:25.081Z] [INFO] get_current_datetime completed in 2ms
[2026-02-06T13:31:33.181Z] [INFO] [TOOL] Executing: optimize_itinerary
[2026-02-06T13:31:33.181Z] [INFO]   ┌─────────────────────────────────────────────────────────┐
[2026-02-06T13:31:33.181Z] [INFO]   │  optimize_itinerary: Algorithm Pipeline Started         │
[2026-02-06T13:31:33.181Z] [INFO]   └─────────────────────────────────────────────────────────┘
[2026-02-06T13:31:33.181Z] [INFO]      Destination: Hà Nội
[2026-02-06T13:31:33.181Z] [INFO]      Dates: 2026-02-07 to 2026-02-08
[2026-02-06T13:31:33.181Z] [INFO]      Style: budget, Travelers: 2
[2026-02-06T13:31:33.181Z] [INFO]      Interests: [văn hóa, ẩm thực, lịch sử, sinh viên]
[2026-02-06T13:31:33.190Z] [INFO]      Found 49 places in database
[2026-02-06T13:31:33.191Z] [INFO]      [GoogleMaps] Triggering crawl (places: 49/10, nullRating: 55%)
[2026-02-06T13:31:33.191Z] [INFO] [GoogleMaps] Crawling: "top places to visit in Hà Nội"
[2026-02-06T13:31:33.191Z] [INFO] [GoogleMaps] URL: https://www.google.com/maps/search/top%20places%20to%20visit%20in%20H%C3%A0%20N%E1%BB%99i
[2026-02-06T13:31:58.195Z] [WARN] [GoogleMaps] Crawl failed: Google Maps crawl timeout
[2026-02-06T13:31:58.196Z] [INFO]      Filtered out 4 places outside 50km radius
[2026-02-06T13:31:58.196Z] [INFO]      Fetching weather data internally...
[2026-02-06T13:31:58.773Z] [INFO]      Weather: mây đen u ám
[2026-02-06T13:31:58.773Z] [INFO]   ┌─────────────────────────────────────────────────────────┐
[2026-02-06T13:31:58.773Z] [INFO]   │           TRIP PLANNER PIPELINE STARTED                 │
[2026-02-06T13:31:58.773Z] [INFO]   └─────────────────────────────────────────────────────────┘
[2026-02-06T13:31:58.773Z] [INFO]   Trip Parameters:
[2026-02-06T13:31:58.773Z] [INFO]      - Destination: Hà Nội
[2026-02-06T13:31:58.773Z] [INFO]      - Duration: 2 days
[2026-02-06T13:31:58.773Z] [INFO]      - Daily money budget: 500,000 VND
[2026-02-06T13:31:58.773Z] [INFO]      - Travel style: budget
[2026-02-06T13:31:58.773Z] [INFO]      - Travelers: 2
[2026-02-06T13:31:58.773Z] [INFO]   [Step 1/3] Filtering places for destination...
[2026-02-06T13:31:58.774Z] [INFO]      - Found 45 places in Hà Nội
[2026-02-06T13:31:58.775Z] [INFO]      - Added 6 must-see attractions
[2026-02-06T13:31:58.775Z] [INFO]      - Total places for planning: 46
[2026-02-06T13:31:58.775Z] [INFO]   [Step 2/3] Clustering places into 2 days by proximity...
[2026-02-06T13:31:58.776Z] [INFO]      - Clustered 46 places across 2 days
[2026-02-06T13:31:58.777Z] [INFO]   [Step 3/3] TSP Route Optimization...
[2026-02-06T13:31:58.777Z] [INFO]      - Day 1: 23 places, 10.3 km
[2026-02-06T13:31:58.777Z] [INFO]      - Day 2: 23 places, 115.1 km
[2026-02-06T13:31:58.777Z] [INFO]   Formatting final itinerary...
[2026-02-06T13:31:58.777Z] [INFO]   ┌─────────────────────────────────────────────────────────┐
[2026-02-06T13:31:58.777Z] [INFO]   │           TRIP PLANNER PIPELINE COMPLETE                │
[2026-02-06T13:31:58.777Z] [INFO]   └─────────────────────────────────────────────────────────┘
[2026-02-06T13:31:58.778Z] [INFO]   ┌─────────────────────────────────────────────────────────┐
[2026-02-06T13:31:58.778Z] [INFO]   │  optimize_itinerary: Pipeline Complete                  │
[2026-02-06T13:31:58.778Z] [INFO]   └─────────────────────────────────────────────────────────┘
[2026-02-06T13:31:58.778Z] [INFO]      Days: 2, Places: 46
[2026-02-06T13:31:58.778Z] [INFO] optimize_itinerary completed in 25597ms
[2026-02-06T13:32:27.624Z] [INFO] [STEP 5: Draft] Executing: create_trip_plan
[2026-02-06T13:32:27.624Z] [INFO]   Itinerary has 2 days
[2026-02-06T13:32:29.000Z] [INFO]   Phase 1 data included:
[2026-02-06T13:32:29.000Z] [INFO]     ✓ Overview (summary, highlights, weather)
[2026-02-06T13:32:29.000Z] [INFO]     ✓ Travel tips (general, transport, food, safety, budget)
[2026-02-06T13:32:29.000Z] [INFO]   Saving draft to database...
[2026-02-06T13:32:29.014Z] [INFO]   Draft created with ID: dc0aa948-6c14-4ddd-b31d-b658d7a83688
[2026-02-06T13:32:29.014Z] [INFO]   User not authenticated - Draft only mode
[2026-02-06T13:32:29.014Z] [INFO]   Draft ID returned for later application
[2026-02-06T13:32:29.014Z] [INFO]   └─────────────────────────────────────────────────────────┘
[2026-02-06T13:32:29.014Z] [INFO] create_trip_plan completed in 1390ms
[2026-02-06T15:19:08.830Z] [INFO] [TOOL] Executing: get_current_datetime
[2026-02-06T15:19:08.854Z] [INFO] get_current_datetime completed in 23ms
[2026-02-06T15:19:16.150Z] [INFO] [TOOL] Executing: search_hotels
[2026-02-06T15:19:17.664Z] [INFO] search_hotels completed in 1514ms
[2026-02-06T15:19:22.307Z] [INFO] [TOOL] Executing: web_search
[2026-02-06T15:19:23.815Z] [INFO] web_search completed in 1508ms
[2026-02-06T15:19:23.816Z] [INFO] [STEP 2: Context] Executing: search_places
[2026-02-06T15:19:24.335Z] [INFO] search_places completed in 519ms
[2026-02-06T15:19:27.160Z] [INFO] [TOOL] Executing: web_search
[2026-02-06T15:19:28.667Z] [INFO] web_search completed in 1507ms
[2026-02-06T15:19:35.726Z] [INFO] [TOOL] Executing: search_social_media
[2026-02-06T15:19:35.729Z] [INFO] search_social_media completed in 2ms
[2026-02-06T15:19:35.729Z] [INFO] [TOOL] Executing: search_youtube_videos
[2026-02-06T15:19:36.459Z] [INFO] search_youtube_videos completed in 730ms
[2026-02-06T15:34:59.127Z] [INFO] [TOOL] Executing: get_current_datetime
[2026-02-06T15:34:59.140Z] [INFO] get_current_datetime completed in 12ms
[2026-02-06T15:35:02.797Z] [INFO] [TOOL] Executing: search_hotels
[2026-02-06T15:35:14.730Z] [INFO] search_hotels completed in 11933ms
[2026-02-06T15:52:23.142Z] [INFO] [TOOL] Executing: get_current_datetime
[2026-02-06T15:52:23.143Z] [INFO] get_current_datetime completed in 1ms
[2026-02-06T15:52:23.143Z] [INFO] [TOOL] Executing: search_youtube_videos
[2026-02-06T15:52:24.124Z] [INFO] search_youtube_videos completed in 980ms
[2026-02-06T15:52:29.444Z] [INFO] [TOOL] Executing: optimize_itinerary
[2026-02-06T15:52:29.446Z] [INFO]   ┌─────────────────────────────────────────────────────────┐
[2026-02-06T15:52:29.446Z] [INFO]   │  optimize_itinerary: Algorithm Pipeline Started         │
[2026-02-06T15:52:29.446Z] [INFO]   └─────────────────────────────────────────────────────────┘
[2026-02-06T15:52:29.446Z] [INFO]      Destination: Bali, Indonesia
[2026-02-06T15:52:29.446Z] [INFO]      Dates: 2026-02-09 to 2026-02-15
[2026-02-06T15:52:29.446Z] [INFO]      Style: comfort, Travelers: 1
[2026-02-06T15:52:29.446Z] [INFO]      Interests: [food, culture, nature, authentic experiences]
[2026-02-06T15:52:29.461Z] [INFO]      Found 0 places in database
[2026-02-06T15:52:29.461Z] [INFO]      Only 0/35 places needed — fetching from external APIs...
[2026-02-06T15:52:30.111Z] [INFO]      After external search: 0 places total
[2026-02-06T15:52:30.111Z] [INFO]      [GoogleMaps] Triggering crawl (places: 0/35, nullRating: 100%)
[2026-02-06T15:52:30.111Z] [INFO] [GoogleMaps] Crawling: "top places to visit in Bali, Indonesia"
[2026-02-06T15:52:30.111Z] [INFO] [GoogleMaps] URL: https://www.google.com/maps/search/top%20places%20to%20visit%20in%20Bali%2C%20Indonesia
[2026-02-06T15:52:39.753Z] [INFO] [GoogleMaps] Extracted 20 places (rating: 19, coords: 20, address: 0, photos: 20, reviews: 0)
[2026-02-06T15:52:39.986Z] [INFO] [GoogleMaps] Saved 20/20 places to DB
[2026-02-06T15:52:40.701Z] [INFO]      [GoogleMaps] Geocoded destination center: 41.322598, 31.457626
[2026-02-06T15:52:40.702Z] [INFO]      [GoogleMaps] Pre-filtered 20 places outside 50km radius
[2026-02-06T15:52:40.702Z] [INFO]      [GoogleMaps] Merged: 0 new places, 0 upgraded existing
[2026-02-06T15:52:40.702Z] [INFO]      After Google Maps: 0 places total
[2026-02-06T15:52:40.702Z] [INFO] optimize_itinerary completed in 11258ms
[2026-02-06T15:52:45.002Z] [INFO] [TOOL] Executing: web_search
[2026-02-06T15:53:00.380Z] [INFO] web_search completed in 15378ms
[2026-02-06T15:53:00.380Z] [INFO] [STEP 2: Context] Executing: search_places
[2026-02-06T15:53:00.801Z] [INFO] search_places completed in 421ms
[2026-02-06T15:53:00.801Z] [INFO] [STEP 2: Context] Executing: search_places
[2026-02-06T15:53:01.044Z] [INFO] search_places completed in 243ms
[2026-02-06T15:53:01.044Z] [INFO] [STEP 2: Context] Executing: search_places
[2026-02-06T15:53:01.113Z] [INFO] search_places completed in 69ms
[2026-02-06T15:53:04.108Z] [INFO] [STEP 2: Context] Executing: search_places
[2026-02-06T15:53:04.200Z] [INFO] search_places completed in 92ms
[2026-02-06T15:53:04.200Z] [INFO] [STEP 2: Context] Executing: search_places
[2026-02-06T15:53:04.444Z] [INFO] search_places completed in 244ms
[2026-02-06T15:53:04.444Z] [INFO] [STEP 2: Context] Executing: search_places
[2026-02-06T15:53:04.516Z] [INFO] search_places completed in 72ms
[2026-02-06T15:53:04.516Z] [INFO] [STEP 2: Context] Executing: search_places
[2026-02-06T15:53:04.586Z] [INFO] search_places completed in 70ms
[2026-02-06T15:53:04.586Z] [INFO] [STEP 2: Context] Executing: search_places
[2026-02-06T15:53:04.660Z] [INFO] search_places completed in 74ms
[2026-02-06T15:53:32.314Z] [INFO] [STEP 5: Draft] Executing: create_trip_plan
[2026-02-06T15:53:32.314Z] [INFO]   Itinerary has 2 days
[2026-02-06T15:53:33.201Z] [INFO]   Phase 1 data included:
[2026-02-06T15:53:33.201Z] [INFO]     ✓ Overview (summary, highlights, weather)
[2026-02-06T15:53:33.201Z] [INFO]     ✓ Travel tips (general, transport, food, safety, budget)
[2026-02-06T15:53:33.201Z] [INFO]     ✓ Budget breakdown (accommodation, food, transport, activities)
[2026-02-06T15:53:33.201Z] [INFO]     ✓ Booking suggestions (2 items)
[2026-02-06T15:53:33.201Z] [INFO]   Saving draft to database...
[2026-02-06T15:53:33.210Z] [INFO]   Draft created with ID: e3ebb0d4-f7ae-4b14-8341-0c994a7b2a02
[2026-02-06T15:53:33.211Z] [INFO]   User not authenticated - Draft only mode
[2026-02-06T15:53:33.211Z] [INFO]   Draft ID returned for later application
[2026-02-06T15:53:33.211Z] [INFO]   └─────────────────────────────────────────────────────────┘
[2026-02-06T15:53:33.211Z] [INFO] create_trip_plan completed in 897ms
[2026-02-06T16:03:14.059Z] [INFO] [TOOL] Executing: search_youtube_videos
[2026-02-06T16:03:15.068Z] [INFO] search_youtube_videos completed in 1009ms
[2026-02-06T16:03:15.068Z] [INFO] [TOOL] Executing: search_social_media
[2026-02-06T16:03:17.737Z] [INFO] search_social_media completed in 2668ms
[2026-02-06T16:03:24.716Z] [INFO] [TOOL] Executing: web_search
[2026-02-06T16:03:35.854Z] [INFO] web_search completed in 11138ms
[2026-02-06T16:05:36.800Z] [INFO] [TOOL] Executing: search_youtube_videos
[2026-02-06T16:05:37.638Z] [INFO] search_youtube_videos completed in 838ms
[2026-02-06T16:05:44.685Z] [INFO] [TOOL] Executing: optimize_itinerary
[2026-02-06T16:05:44.686Z] [INFO]   ┌─────────────────────────────────────────────────────────┐
[2026-02-06T16:05:44.686Z] [INFO]   │  optimize_itinerary: Algorithm Pipeline Started         │
[2026-02-06T16:05:44.686Z] [INFO]   └─────────────────────────────────────────────────────────┘
[2026-02-06T16:05:44.686Z] [INFO]      Destination: Bali, Indonesia
[2026-02-06T16:05:44.686Z] [INFO]      Dates: 2026-02-09 to 2026-02-15
[2026-02-06T16:05:44.686Z] [INFO]      Style: comfort, Travelers: 2
[2026-02-06T16:05:44.686Z] [INFO]      Interests: [food, culture, nature]
[2026-02-06T16:05:44.695Z] [INFO]      Found 20 places in database
[2026-02-06T16:05:44.695Z] [INFO]      Only 20/35 places needed — fetching from external APIs...
[2026-02-06T16:05:44.696Z] [INFO]      After external search: 20 places total
[2026-02-06T16:05:44.696Z] [INFO]      [GoogleMaps] Triggering crawl (places: 20/35, nullRating: 5%)
[2026-02-06T16:05:44.696Z] [INFO] [GoogleMaps] Crawling: "top places to visit in Bali, Indonesia"
[2026-02-06T16:05:44.696Z] [INFO] [GoogleMaps] URL: https://www.google.com/maps/search/top%20places%20to%20visit%20in%20Bali%2C%20Indonesia
[2026-02-06T16:05:54.626Z] [INFO] [GoogleMaps] Extracted 20 places (rating: 19, coords: 20, address: 0, photos: 20, reviews: 0)
[2026-02-06T16:05:54.630Z] [INFO]      [GoogleMaps] Pre-filtered 2 places outside 50km radius
[2026-02-06T16:05:54.631Z] [INFO]      [GoogleMaps] Merged: 0 new places, 18 upgraded existing
[2026-02-06T16:05:54.632Z] [INFO]      After Google Maps: 20 places total
[2026-02-06T16:05:54.633Z] [INFO]      [GoogleMaps] Starting detail crawl for 10 top places...
[2026-02-06T16:05:54.633Z] [INFO] [GoogleMaps] Detail crawl starting for 10 places
[2026-02-06T16:05:55.128Z] [INFO] [GoogleMaps] Saved 20/20 places to DB
[2026-02-06T16:05:57.678Z] [DEBUG] [GoogleMaps] Detail page: Jatiluwih Rice Terraces
[2026-02-06T16:06:00.695Z] [DEBUG] [GoogleMaps] Detail crawled: Jatiluwih Rice Terraces (reviews: yes, photos: 5)
[2026-02-06T16:06:03.211Z] [DEBUG] [GoogleMaps] Detail page: Hidden Mini Zoo Bali
[2026-02-06T16:06:06.236Z] [DEBUG] [GoogleMaps] Detail crawled: Hidden Mini Zoo Bali (reviews: yes, photos: 5)
[2026-02-06T16:06:06.536Z] [WARN] [GoogleMaps] Feed container not found, trying extraction anyway
[2026-02-06T16:06:08.398Z] [DEBUG] [GoogleMaps] Detail page: Tanah Lot Temple Square
[2026-02-06T16:06:11.429Z] [DEBUG] [GoogleMaps] Detail crawled: Tanah Lot Temple Square (reviews: yes, photos: 5)
[2026-02-06T16:06:13.892Z] [DEBUG] [GoogleMaps] Detail page: Tanah Lot
[2026-02-06T16:06:16.916Z] [DEBUG] [GoogleMaps] Detail crawled: Tanah Lot (reviews: yes, photos: 5)
[2026-02-06T16:06:19.256Z] [DEBUG] [GoogleMaps] Detail page: Ulun Danu Beratan Temple
[2026-02-06T16:06:22.267Z] [DEBUG] [GoogleMaps] Detail crawled: Ulun Danu Beratan Temple (reviews: yes, photos: 5)
[2026-02-06T16:06:24.765Z] [WARN] [GoogleMaps] Feed container not found, trying extraction anyway
[2026-02-06T16:06:25.328Z] [DEBUG] [GoogleMaps] Detail page: Bajra Sandhi Monument
[2026-02-06T16:06:28.390Z] [DEBUG] [GoogleMaps] Detail crawled: Bajra Sandhi Monument (reviews: yes, photos: 5)
[2026-02-06T16:06:31.495Z] [DEBUG] [GoogleMaps] Detail page: Bali Bird Park
[2026-02-06T16:06:34.558Z] [DEBUG] [GoogleMaps] Detail crawled: Bali Bird Park (reviews: yes, photos: 5)
[2026-02-06T16:06:42.904Z] [WARN] [GoogleMaps] Feed container not found, trying extraction anyway
[2026-02-06T16:06:49.597Z] [INFO] [GoogleMaps] Detail crawl complete: 7/10 places enriched in 55.0s
[2026-02-06T16:06:49.597Z] [INFO]      Filtered out 2 places outside 50km radius
[2026-02-06T16:06:49.597Z] [INFO]      Fetching weather data internally...
[2026-02-06T16:06:49.631Z] [INFO] [GoogleMaps] Saved enriched data for 7/7 places
[2026-02-06T16:06:52.670Z] [INFO]      Weather: mây đen u ám
[2026-02-06T16:06:52.671Z] [INFO]   ┌─────────────────────────────────────────────────────────┐
[2026-02-06T16:06:52.671Z] [INFO]   │           TRIP PLANNER PIPELINE STARTED                 │
[2026-02-06T16:06:52.671Z] [INFO]   └─────────────────────────────────────────────────────────┘
[2026-02-06T16:06:52.671Z] [INFO]   Trip Parameters:
[2026-02-06T16:06:52.671Z] [INFO]      - Destination: Bali, Indonesia
[2026-02-06T16:06:52.671Z] [INFO]      - Duration: 7 days
[2026-02-06T16:06:52.679Z] [INFO]      - Daily money budget: 1,500,000 VND
[2026-02-06T16:06:52.679Z] [INFO]      - Travel style: comfort
[2026-02-06T16:06:52.679Z] [INFO]      - Travelers: 2
[2026-02-06T16:06:52.679Z] [INFO]   [Step 1/3] Filtering places for destination...
[2026-02-06T16:06:52.680Z] [INFO]      - Found 18 places in Bali, Indonesia
[2026-02-06T16:06:52.680Z] [INFO]      - Added 8 must-see attractions
[2026-02-06T16:06:52.680Z] [INFO]      - Total places for planning: 18
[2026-02-06T16:06:52.680Z] [INFO]   [Step 2/3] Clustering places into 7 days by proximity...
[2026-02-06T16:06:52.681Z] [INFO]      - Clustered 18 places across 7 days
[2026-02-06T16:06:52.681Z] [INFO]   [Step 3/3] TSP Route Optimization...
[2026-02-06T16:06:52.681Z] [INFO]      - Day 1: 3 places, 10.8 km
[2026-02-06T16:06:52.681Z] [INFO]      - Day 2: 3 places, 24 km
[2026-02-06T16:06:52.681Z] [INFO]      - Day 3: 3 places, 42.9 km
[2026-02-06T16:06:52.681Z] [INFO]      - Day 4: 3 places, 39.6 km
[2026-02-06T16:06:52.681Z] [INFO]      - Day 5: 3 places, 15.7 km
[2026-02-06T16:06:52.682Z] [INFO]      - Day 6: 3 places, 62.2 km
[2026-02-06T16:06:52.682Z] [INFO]      - Day 7: 0 places, 0 km
[2026-02-06T16:06:52.682Z] [INFO]   Formatting final itinerary...
[2026-02-06T16:06:52.683Z] [INFO]   ┌─────────────────────────────────────────────────────────┐
[2026-02-06T16:06:52.683Z] [INFO]   │           TRIP PLANNER PIPELINE COMPLETE                │
[2026-02-06T16:06:52.683Z] [INFO]   └─────────────────────────────────────────────────────────┘
[2026-02-06T16:06:52.683Z] [INFO]   ┌─────────────────────────────────────────────────────────┐
[2026-02-06T16:06:52.683Z] [INFO]   │  optimize_itinerary: Pipeline Complete                  │
[2026-02-06T16:06:52.683Z] [INFO]   └─────────────────────────────────────────────────────────┘
[2026-02-06T16:06:52.683Z] [INFO]      Days: 7, Places: 18
[2026-02-06T16:06:52.683Z] [INFO] optimize_itinerary completed in 67998ms
[2026-02-06T16:07:12.582Z] [INFO] [STEP 5: Draft] Executing: create_trip_plan
[2026-02-06T16:07:12.584Z] [INFO]   Itinerary has 2 days
[2026-02-06T16:07:13.063Z] [INFO]   Phase 1 data included:
[2026-02-06T16:07:13.064Z] [INFO]     ✓ Overview (summary, highlights, weather)
[2026-02-06T16:07:13.064Z] [INFO]     ✓ Travel tips (general, transport, food, safety, budget)
[2026-02-06T16:07:13.064Z] [INFO]     ✓ Budget breakdown (accommodation, food, transport, activities)
[2026-02-06T16:07:13.064Z] [INFO]     ✓ Booking suggestions (2 items)
[2026-02-06T16:07:13.064Z] [INFO]   Saving draft to database...
[2026-02-06T16:07:13.075Z] [INFO]   Draft created with ID: dea89d20-88ff-46a7-907a-71f5b974dfc4
[2026-02-06T16:07:13.076Z] [INFO]   User not authenticated - Draft only mode
[2026-02-06T16:07:13.076Z] [INFO]   Draft ID returned for later application
[2026-02-06T16:07:13.076Z] [INFO]   └─────────────────────────────────────────────────────────┘
[2026-02-06T16:07:13.076Z] [INFO] create_trip_plan completed in 494ms
